<?xml version="1.0" encoding="UTF-8"?>
<!-- Generated by org.testng.reporters.JUnitReportReporter -->
<testsuite hostname="WKWZTeW08v41NWG" failures="0" tests="4" name="day3.LoginTest" time="20.672" errors="0" timestamp="2022-11-25T15:36:45 IST" skipped="0">
  <testcase classname="day3.LoginTest" name="verifyUrl" time="6.086"/>
  <system-out/>
  <testcase classname="day3.LoginTest" name="verifySocialMediaCount" time="4.494"/>
  <system-out/>
  <testcase classname="day3.LoginTest" name="verifyTitle" time="5.523"/>
  <system-out/>
  <testcase classname="day3.LoginTest" name="verifyForgetPassword" time="4.569"/>
  <system-out/>
</testsuite> <!-- day3.LoginTest -->
