<?xml version="1.0" encoding="UTF-8"?>
<!-- Generated by org.testng.reporters.JUnitReportReporter -->
<testsuite hostname="WKWZTeW08v41NWG" failures="0" tests="4" name="day3.LoginVerification" time="1.363" errors="0" timestamp="2022-11-25T15:36:45 IST" skipped="0">
  <testcase classname="day3.LoginVerification" name="emptyUsernamePassword" time="0.115"/>
  <system-out/>
  <testcase classname="day3.LoginVerification" name="emptyPassword" time="0.173"/>
  <system-out/>
  <testcase classname="day3.LoginVerification" name="emptyUsername" time="0.207"/>
  <system-out/>
  <testcase classname="day3.LoginVerification" name="invalidCredintial" time="0.868"/>
  <system-out/>
</testsuite> <!-- day3.LoginVerification -->
