<?xml version="1.0" encoding="UTF-8"?>
<!-- Generated by org.testng.reporters.JUnitReportReporter -->
<testsuite hostname="WKWZTeW08v41NWG" failures="0" tests="1" name="day3.Ineuron" time="3.942" errors="0" timestamp="2022-11-25T15:36:45 IST" skipped="0">
  <testcase classname="day3.Ineuron" name="test22" time="3.942"/>
  <system-out/>
</testsuite> <!-- day3.Ineuron -->
