<?xml version="1.0" encoding="UTF-8"?>
<!-- Generated by org.testng.reporters.JUnitReportReporter -->
<testsuite hostname="WKWZTeW08v41NWG" failures="0" tests="4" name="day3.TestNG1" time="0.009" errors="0" timestamp="2022-11-25T15:36:45 IST" skipped="0">
  <testcase classname="day3.TestNG1" name="deleteAccount" time="0.001"/>
  <system-out/>
  <testcase classname="day3.TestNG1" name="createAccount" time="0.006"/>
  <system-out/>
  <testcase classname="day3.TestNG1" name="logoutAccount" time="0.002"/>
  <system-out/>
  <testcase classname="day3.TestNG1" name="login" time="0.000"/>
  <system-out/>
</testsuite> <!-- day3.TestNG1 -->
