<?xml version="1.0" encoding="UTF-8"?>
<!-- Generated by org.testng.reporters.JUnitReportReporter -->
<testsuite hostname="WKWZTeW08v41NWG" failures="0" tests="1" name="day1.Facebook" time="13.427" errors="0" timestamp="2022-11-25T15:36:45 IST" skipped="0">
  <testcase classname="day1.Facebook" name="xtest" time="13.427"/>
  <system-out/>
</testsuite> <!-- day1.Facebook -->
