<?xml version="1.0" encoding="UTF-8"?>
<!-- Generated by org.testng.reporters.JUnitReportReporter -->
<testsuite hostname="WKWZTeW08v41NWG" failures="0" tests="1" name="day2.HandleDynamicElements" time="20.525" errors="0" timestamp="2022-11-25T15:36:45 IST" skipped="0">
  <testcase classname="day2.HandleDynamicElements" name="test8" time="20.525"/>
  <system-out/>
</testsuite> <!-- day2.HandleDynamicElements -->
