<?xml version="1.0" encoding="UTF-8"?>
<!-- Generated by org.testng.reporters.JUnitReportReporter -->
<testsuite hostname="WKWZTeW08v41NWG" failures="0" tests="4" name="day3.LoginTest" time="18.756" errors="0" timestamp="2022-11-25T15:38:16 IST" skipped="0">
  <testcase classname="day3.LoginTest" name="verifyTitle" time="4.123"/>
  <system-out/>
  <testcase classname="day3.LoginTest" name="verifyUrl" time="4.577"/>
  <system-out/>
  <testcase classname="day3.LoginTest" name="verifyForgetPassword" time="5.327"/>
  <system-out/>
  <testcase classname="day3.LoginTest" name="verifySocialMediaCount" time="4.729"/>
  <system-out/>
</testsuite> <!-- day3.LoginTest -->
