<?xml version="1.0" encoding="UTF-8"?>
<!-- Generated by org.testng.reporters.JUnitReportReporter -->
<testsuite hostname="WKWZTeW08v41NWG" failures="0" tests="1" name="day2.Calender" time="7.721" errors="0" timestamp="2022-11-25T15:38:16 IST" skipped="0">
  <testcase classname="day2.Calender" name="test6" time="7.721"/>
  <system-out/>
</testsuite> <!-- day2.Calender -->
