<?xml version="1.0" encoding="UTF-8"?>
<!-- Generated by org.testng.reporters.JUnitReportReporter -->
<testsuite hostname="WKWZTeW08v41NWG" failures="0" tests="1" name="day2.HandleAutoSuggestion" time="14.203" errors="0" timestamp="2022-11-25T15:38:16 IST" skipped="0">
  <testcase classname="day2.HandleAutoSuggestion" name="test7" time="14.203"/>
  <system-out/>
</testsuite> <!-- day2.HandleAutoSuggestion -->
