<?xml version="1.0" encoding="UTF-8"?>
<!-- Generated by org.testng.reporters.JUnitReportReporter -->
<testsuite hostname="WKWZTeW08v41NWG" failures="0" tests="4" name="day3.LoginVerification" time="1.631" errors="0" timestamp="2022-11-25T15:38:16 IST" skipped="0">
  <testcase classname="day3.LoginVerification" name="emptyUsernamePassword" time="0.153"/>
  <system-out/>
  <testcase classname="day3.LoginVerification" name="emptyPassword" time="0.209"/>
  <system-out/>
  <testcase classname="day3.LoginVerification" name="emptyUsername" time="0.218"/>
  <system-out/>
  <testcase classname="day3.LoginVerification" name="invalidCredintial" time="1.051"/>
  <system-out/>
</testsuite> <!-- day3.LoginVerification -->
