<?xml version="1.0" encoding="UTF-8"?>
<!-- Generated by org.testng.reporters.JUnitReportReporter -->
<testsuite hostname="WKWZTeW08v41NWG" failures="0" tests="3" name="day3.AssertionDemo" time="0.007" errors="0" timestamp="2022-11-25T15:38:16 IST" skipped="0">
  <testcase classname="day3.AssertionDemo" name="test3" time="0.001"/>
  <system-out/>
  <testcase classname="day3.AssertionDemo" name="test2" time="0.000"/>
  <system-out/>
  <testcase classname="day3.AssertionDemo" name="test1" time="0.006"/>
  <system-out/>
</testsuite> <!-- day3.AssertionDemo -->
