<?xml version="1.0" encoding="UTF-8"?>
<!-- Generated by org.testng.reporters.JUnitReportReporter -->
<testsuite hostname="WKWZTeW08v41NWG" failures="0" tests="1" name="day1.MyFirstSeleniumScript3" time="3.802" errors="0" timestamp="2022-11-25T15:38:16 IST" skipped="0">
  <testcase classname="day1.MyFirstSeleniumScript3" name="test2" time="3.802"/>
  <system-out/>
</testsuite> <!-- day1.MyFirstSeleniumScript3 -->
