<?xml version="1.0" encoding="UTF-8"?>
<!-- Generated by org.testng.reporters.JUnitReportReporter -->
<testsuite hostname="WKWZTeW08v41NWG" failures="0" tests="1" name="day1.MyFirstSeleniumScript" time="7.098" errors="0" timestamp="2022-11-25T15:38:16 IST" skipped="0">
  <testcase classname="day1.MyFirstSeleniumScript" name="test" time="7.098"/>
  <system-out/>
</testsuite> <!-- day1.MyFirstSeleniumScript -->
